timestamp: 2008-02-29T18:26:11.627000
CREATE TABLE archivio(
	id INTEGER PRIMARY KEY AUTOINCREMENT,
	nome_operatore CHAR(32),
	file CHAR(64)
);
success!
timestamp: 2008-03-01T17:19:46.650000
ALTER TABLE archivio ADD COLUMN descrizione CHAR(32);
success!
timestamp: 2008-03-01T17:19:46.884000
ALTER TABLE archivio ADD COLUMN cliente CHAR(32);
success!
timestamp: 2008-03-01T17:28:45.572000
ALTER TABLE archivio ADD COLUMN filename CHAR(32);
success!
timestamp: 2008-03-03T19:16:54.274000
ALTER TABLE archivio ADD COLUMN filexml CHAR(32);
success!
timestamp: 2008-03-11T16:29:21.116000
ALTER TABLE archivio ADD COLUMN data DATE;
success!
